
  .   ____          _            __ _ _
 /\\ / ___'_ __ _ _(_)_ __  __ _ \ \ \ \
( ( )\___ | '_ | '_| | '_ \/ _` | \ \ \ \
 \\/  ___)| |_)| | | | | || (_| |  ) ) ) )
  '  |____| .__|_| |_|_| |_\__, | / / / /
 =========|_|==============|___/=/_/_/_/

 :: Spring Boot ::                (v3.4.1)

2026-01-30T03:01:45.341+05:30  INFO 23736 --- [HelpBridge] [           main] com.helpbridge.HelpBridgeApplication     : Starting HelpBridgeApplication v0.0.1-SNAPSHOT using Java 23.0.1 with PID 23736 (D:\final 2\final 2\Backend(SpringBoot)\HelpBridge\target\helpbridge-0.0.1-SNAPSHOT.jar started by HP in D:\final 2\final 2\Backend(SpringBoot)\HelpBridge)
2026-01-30T03:01:45.352+05:30  INFO 23736 --- [HelpBridge] [           main] com.helpbridge.HelpBridgeApplication     : No active profile set, falling back to 1 default profile: "default"
2026-01-30T03:01:49.452+05:30  INFO 23736 --- [HelpBridge] [           main] .s.d.r.c.RepositoryConfigurationDelegate : Bootstrapping Spring Data JPA repositories in DEFAULT mode.
2026-01-30T03:01:49.697+05:30  INFO 23736 --- [HelpBridge] [           main] .s.d.r.c.RepositoryConfigurationDelegate : Finished Spring Data repository scanning in 211 ms. Found 8 JPA repository interfaces.
2026-01-30T03:01:53.538+05:30  INFO 23736 --- [HelpBridge] [           main] o.s.b.w.embedded.tomcat.TomcatWebServer  : Tomcat initialized with port 8081 (http)
2026-01-30T03:01:53.602+05:30  INFO 23736 --- [HelpBridge] [           main] o.apache.catalina.core.StandardService   : Starting service [Tomcat]
2026-01-30T03:01:53.604+05:30  INFO 23736 --- [HelpBridge] [           main] o.apache.catalina.core.StandardEngine    : Starting Servlet engine: [Apache Tomcat/10.1.34]
2026-01-30T03:01:53.721+05:30  INFO 23736 --- [HelpBridge] [           main] o.a.c.c.C.[Tomcat].[localhost].[/]       : Initializing Spring embedded WebApplicationContext
2026-01-30T03:01:53.727+05:30  INFO 23736 --- [HelpBridge] [           main] w.s.c.ServletWebServerApplicationContext : Root WebApplicationContext: initialization completed in 8178 ms
2026-01-30T03:01:54.541+05:30  INFO 23736 --- [HelpBridge] [           main] o.hibernate.jpa.internal.util.LogHelper  : HHH000204: Processing PersistenceUnitInfo [name: default]
2026-01-30T03:01:54.926+05:30  INFO 23736 --- [HelpBridge] [           main] org.hibernate.Version                    : HHH000412: Hibernate ORM core version 6.6.4.Final
2026-01-30T03:01:55.100+05:30  INFO 23736 --- [HelpBridge] [           main] o.h.c.internal.RegionFactoryInitiator    : HHH000026: Second-level cache disabled
2026-01-30T03:01:57.580+05:30  INFO 23736 --- [HelpBridge] [           main] o.s.o.j.p.SpringPersistenceUnitInfo      : No LoadTimeWeaver setup: ignoring JPA class transformer
2026-01-30T03:01:57.802+05:30  INFO 23736 --- [HelpBridge] [           main] com.zaxxer.hikari.HikariDataSource       : HikariPool-1 - Starting...
2026-01-30T03:01:58.790+05:30  INFO 23736 --- [HelpBridge] [           main] com.zaxxer.hikari.pool.HikariPool        : HikariPool-1 - Added connection com.mysql.cj.jdbc.ConnectionImpl@4e6cbdf1
2026-01-30T03:01:58.794+05:30  INFO 23736 --- [HelpBridge] [           main] com.zaxxer.hikari.HikariDataSource       : HikariPool-1 - Start completed.
2026-01-30T03:01:58.905+05:30  WARN 23736 --- [HelpBridge] [           main] org.hibernate.orm.deprecation            : HHH90000025: MySQL8Dialect does not need to be specified explicitly using 'hibernate.dialect' (remove the property setting and it will be selected by default)
2026-01-30T03:01:58.907+05:30  WARN 23736 --- [HelpBridge] [           main] org.hibernate.orm.deprecation            : HHH90000026: MySQL8Dialect has been deprecated; use org.hibernate.dialect.MySQLDialect instead
2026-01-30T03:01:58.986+05:30  INFO 23736 --- [HelpBridge] [           main] org.hibernate.orm.connections.pooling    : HHH10001005: Database info:
	Database JDBC URL [Connecting through datasource 'HikariDataSource (HikariPool-1)']
	Database driver: undefined/unknown
	Database version: 8.0
	Autocommit mode: undefined/unknown
	Isolation level: undefined/unknown
	Minimum pool size: undefined/unknown
	Maximum pool size: undefined/unknown
2026-01-30T03:02:03.690+05:30  INFO 23736 --- [HelpBridge] [           main] o.h.e.t.j.p.i.JtaPlatformInitiator       : HHH000489: No JTA platform available (set 'hibernate.transaction.jta.platform' to enable JTA platform integration)
2026-01-30T03:02:04.222+05:30  INFO 23736 --- [HelpBridge] [           main] j.LocalContainerEntityManagerFactoryBean : Initialized JPA EntityManagerFactory for persistence unit 'default'
2026-01-30T03:02:08.418+05:30  INFO 23736 --- [HelpBridge] [           main] eAuthenticationProviderManagerConfigurer : Global AuthenticationManager configured with AuthenticationProvider bean with name authenticationProvider
2026-01-30T03:02:08.422+05:30  WARN 23736 --- [HelpBridge] [           main] r$InitializeUserDetailsManagerConfigurer : Global AuthenticationManager configured with an AuthenticationProvider bean. UserDetailsService beans will not be used by Spring Security for automatically configuring username/password login. Consider removing the AuthenticationProvider bean. Alternatively, consider using the UserDetailsService in a manually instantiated DaoAuthenticationProvider. If the current configuration is intentional, to turn off this warning, increase the logging level of 'org.springframework.security.config.annotation.authentication.configuration.InitializeUserDetailsBeanManagerConfigurer' to ERROR
2026-01-30T03:02:08.903+05:30  WARN 23736 --- [HelpBridge] [           main] JpaBaseConfiguration$JpaWebConfiguration : spring.jpa.open-in-view is enabled by default. Therefore, database queries may be performed during view rendering. Explicitly configure spring.jpa.open-in-view to disable this warning
2026-01-30T03:02:12.844+05:30  INFO 23736 --- [HelpBridge] [           main] o.s.b.a.h2.H2ConsoleAutoConfiguration    : H2 console available at '/h2-console'. Database available at 'jdbc:mysql://localhost:3306/helpbridge_sb?createDatabaseIfNotExist=true&useSSL=false&serverTimezone=UTC&allowPublicKeyRetrieval=true'
2026-01-30T03:02:13.636+05:30  INFO 23736 --- [HelpBridge] [           main] o.s.b.w.embedded.tomcat.TomcatWebServer  : Tomcat started on port 8081 (http) with context path '/'
2026-01-30T03:02:13.768+05:30  INFO 23736 --- [HelpBridge] [           main] com.helpbridge.HelpBridgeApplication     : Started HelpBridgeApplication in 29.758 seconds (process running for 32.305)
Running Database Schema Fixer...
Schema Fix Success: service_requests and users tables updated.
Hibernate: select u1_0.id,case when u1_1.id is not null then 1 when u1_2.id is not null then 2 when u1_3.id is not null then 3 when u1_4.id is not null then 4 when u1_0.id is not null then 0 end,u1_0.city,u1_0.city_id,u1_0.created_at,u1_0.email,u1_0.full_name,u1_0.password_hash,u1_0.phone_number,u1_0.role,u1_0.status,u1_1.id_proof_path,u1_2.registration_document_path,u1_3.disability_certificate_path,u1_4.availability,u1_4.id_proof_path,u1_4.interests from users u1_0 left join donors u1_1 on u1_0.id=u1_1.id left join ngos u1_2 on u1_0.id=u1_2.id left join students u1_3 on u1_0.id=u1_3.id left join volunteers u1_4 on u1_0.id=u1_4.id where u1_0.email=?
Hibernate: select u1_0.id,case when u1_1.id is not null then 1 when u1_2.id is not null then 2 when u1_3.id is not null then 3 when u1_4.id is not null then 4 when u1_0.id is not null then 0 end,u1_0.city,u1_0.city_id,u1_0.created_at,u1_0.email,u1_0.full_name,u1_0.password_hash,u1_0.phone_number,u1_0.role,u1_0.status,u1_1.id_proof_path,u1_2.registration_document_path,u1_3.disability_certificate_path,u1_4.availability,u1_4.id_proof_path,u1_4.interests from users u1_0 left join donors u1_1 on u1_0.id=u1_1.id left join ngos u1_2 on u1_0.id=u1_2.id left join students u1_3 on u1_0.id=u1_3.id left join volunteers u1_4 on u1_0.id=u1_4.id where u1_0.id=?
Hibernate: update users set city=?,city_id=?,created_at=?,email=?,full_name=?,password_hash=?,phone_number=?,role=?,status=? where id=?
User processed (Created/Updated): admin@helpbridge.com | Role: Admin
Hibernate: select u1_0.id,case when u1_1.id is not null then 1 when u1_2.id is not null then 2 when u1_3.id is not null then 3 when u1_4.id is not null then 4 when u1_0.id is not null then 0 end,u1_0.city,u1_0.city_id,u1_0.created_at,u1_0.email,u1_0.full_name,u1_0.password_hash,u1_0.phone_number,u1_0.role,u1_0.status,u1_1.id_proof_path,u1_2.registration_document_path,u1_3.disability_certificate_path,u1_4.availability,u1_4.id_proof_path,u1_4.interests from users u1_0 left join donors u1_1 on u1_0.id=u1_1.id left join ngos u1_2 on u1_0.id=u1_2.id left join students u1_3 on u1_0.id=u1_3.id left join volunteers u1_4 on u1_0.id=u1_4.id where u1_0.email=?
Hibernate: select u1_0.id,case when u1_1.id is not null then 1 when u1_2.id is not null then 2 when u1_3.id is not null then 3 when u1_4.id is not null then 4 when u1_0.id is not null then 0 end,u1_0.city,u1_0.city_id,u1_0.created_at,u1_0.email,u1_0.full_name,u1_0.password_hash,u1_0.phone_number,u1_0.role,u1_0.status,u1_1.id_proof_path,u1_2.registration_document_path,u1_3.disability_certificate_path,u1_4.availability,u1_4.id_proof_path,u1_4.interests from users u1_0 left join donors u1_1 on u1_0.id=u1_1.id left join ngos u1_2 on u1_0.id=u1_2.id left join students u1_3 on u1_0.id=u1_3.id left join volunteers u1_4 on u1_0.id=u1_4.id where u1_0.id=?
Hibernate: update users set city=?,city_id=?,created_at=?,email=?,full_name=?,password_hash=?,phone_number=?,role=?,status=? where id=?
User processed (Created/Updated): donor@test.com | Role: Donor
Hibernate: select u1_0.id,case when u1_1.id is not null then 1 when u1_2.id is not null then 2 when u1_3.id is not null then 3 when u1_4.id is not null then 4 when u1_0.id is not null then 0 end,u1_0.city,u1_0.city_id,u1_0.created_at,u1_0.email,u1_0.full_name,u1_0.password_hash,u1_0.phone_number,u1_0.role,u1_0.status,u1_1.id_proof_path,u1_2.registration_document_path,u1_3.disability_certificate_path,u1_4.availability,u1_4.id_proof_path,u1_4.interests from users u1_0 left join donors u1_1 on u1_0.id=u1_1.id left join ngos u1_2 on u1_0.id=u1_2.id left join students u1_3 on u1_0.id=u1_3.id left join volunteers u1_4 on u1_0.id=u1_4.id where u1_0.email=?
Hibernate: select u1_0.id,case when u1_1.id is not null then 1 when u1_2.id is not null then 2 when u1_3.id is not null then 3 when u1_4.id is not null then 4 when u1_0.id is not null then 0 end,u1_0.city,u1_0.city_id,u1_0.created_at,u1_0.email,u1_0.full_name,u1_0.password_hash,u1_0.phone_number,u1_0.role,u1_0.status,u1_1.id_proof_path,u1_2.registration_document_path,u1_3.disability_certificate_path,u1_4.availability,u1_4.id_proof_path,u1_4.interests from users u1_0 left join donors u1_1 on u1_0.id=u1_1.id left join ngos u1_2 on u1_0.id=u1_2.id left join students u1_3 on u1_0.id=u1_3.id left join volunteers u1_4 on u1_0.id=u1_4.id where u1_0.id=?
Hibernate: update users set city=?,city_id=?,created_at=?,email=?,full_name=?,password_hash=?,phone_number=?,role=?,status=? where id=?
User processed (Created/Updated): ngo@test.com | Role: NGO
Hibernate: select u1_0.id,case when u1_1.id is not null then 1 when u1_2.id is not null then 2 when u1_3.id is not null then 3 when u1_4.id is not null then 4 when u1_0.id is not null then 0 end,u1_0.city,u1_0.city_id,u1_0.created_at,u1_0.email,u1_0.full_name,u1_0.password_hash,u1_0.phone_number,u1_0.role,u1_0.status,u1_1.id_proof_path,u1_2.registration_document_path,u1_3.disability_certificate_path,u1_4.availability,u1_4.id_proof_path,u1_4.interests from users u1_0 left join donors u1_1 on u1_0.id=u1_1.id left join ngos u1_2 on u1_0.id=u1_2.id left join students u1_3 on u1_0.id=u1_3.id left join volunteers u1_4 on u1_0.id=u1_4.id where u1_0.email=?
Hibernate: select u1_0.id,case when u1_1.id is not null then 1 when u1_2.id is not null then 2 when u1_3.id is not null then 3 when u1_4.id is not null then 4 when u1_0.id is not null then 0 end,u1_0.city,u1_0.city_id,u1_0.created_at,u1_0.email,u1_0.full_name,u1_0.password_hash,u1_0.phone_number,u1_0.role,u1_0.status,u1_1.id_proof_path,u1_2.registration_document_path,u1_3.disability_certificate_path,u1_4.availability,u1_4.id_proof_path,u1_4.interests from users u1_0 left join donors u1_1 on u1_0.id=u1_1.id left join ngos u1_2 on u1_0.id=u1_2.id left join students u1_3 on u1_0.id=u1_3.id left join volunteers u1_4 on u1_0.id=u1_4.id where u1_0.id=?
Hibernate: update users set city=?,city_id=?,created_at=?,email=?,full_name=?,password_hash=?,phone_number=?,role=?,status=? where id=?
User processed (Created/Updated): volunteer@test.com | Role: Volunteer
Hibernate: select u1_0.id,case when u1_1.id is not null then 1 when u1_2.id is not null then 2 when u1_3.id is not null then 3 when u1_4.id is not null then 4 when u1_0.id is not null then 0 end,u1_0.city,u1_0.city_id,u1_0.created_at,u1_0.email,u1_0.full_name,u1_0.password_hash,u1_0.phone_number,u1_0.role,u1_0.status,u1_1.id_proof_path,u1_2.registration_document_path,u1_3.disability_certificate_path,u1_4.availability,u1_4.id_proof_path,u1_4.interests from users u1_0 left join donors u1_1 on u1_0.id=u1_1.id left join ngos u1_2 on u1_0.id=u1_2.id left join students u1_3 on u1_0.id=u1_3.id left join volunteers u1_4 on u1_0.id=u1_4.id where u1_0.email=?
Hibernate: select u1_0.id,case when u1_1.id is not null then 1 when u1_2.id is not null then 2 when u1_3.id is not null then 3 when u1_4.id is not null then 4 when u1_0.id is not null then 0 end,u1_0.city,u1_0.city_id,u1_0.created_at,u1_0.email,u1_0.full_name,u1_0.password_hash,u1_0.phone_number,u1_0.role,u1_0.status,u1_1.id_proof_path,u1_2.registration_document_path,u1_3.disability_certificate_path,u1_4.availability,u1_4.id_proof_path,u1_4.interests from users u1_0 left join donors u1_1 on u1_0.id=u1_1.id left join ngos u1_2 on u1_0.id=u1_2.id left join students u1_3 on u1_0.id=u1_3.id left join volunteers u1_4 on u1_0.id=u1_4.id where u1_0.id=?
Hibernate: update users set city=?,city_id=?,created_at=?,email=?,full_name=?,password_hash=?,phone_number=?,role=?,status=? where id=?
User processed (Created/Updated): volunteer2@test.com | Role: Volunteer
Hibernate: select u1_0.id,case when u1_1.id is not null then 1 when u1_2.id is not null then 2 when u1_3.id is not null then 3 when u1_4.id is not null then 4 when u1_0.id is not null then 0 end,u1_0.city,u1_0.city_id,u1_0.created_at,u1_0.email,u1_0.full_name,u1_0.password_hash,u1_0.phone_number,u1_0.role,u1_0.status,u1_1.id_proof_path,u1_2.registration_document_path,u1_3.disability_certificate_path,u1_4.availability,u1_4.id_proof_path,u1_4.interests from users u1_0 left join donors u1_1 on u1_0.id=u1_1.id left join ngos u1_2 on u1_0.id=u1_2.id left join students u1_3 on u1_0.id=u1_3.id left join volunteers u1_4 on u1_0.id=u1_4.id where u1_0.email=?
Hibernate: select u1_0.id,case when u1_1.id is not null then 1 when u1_2.id is not null then 2 when u1_3.id is not null then 3 when u1_4.id is not null then 4 when u1_0.id is not null then 0 end,u1_0.city,u1_0.city_id,u1_0.created_at,u1_0.email,u1_0.full_name,u1_0.password_hash,u1_0.phone_number,u1_0.role,u1_0.status,u1_1.id_proof_path,u1_2.registration_document_path,u1_3.disability_certificate_path,u1_4.availability,u1_4.id_proof_path,u1_4.interests from users u1_0 left join donors u1_1 on u1_0.id=u1_1.id left join ngos u1_2 on u1_0.id=u1_2.id left join students u1_3 on u1_0.id=u1_3.id left join volunteers u1_4 on u1_0.id=u1_4.id where u1_0.id=?
Hibernate: update users set city=?,city_id=?,created_at=?,email=?,full_name=?,password_hash=?,phone_number=?,role=?,status=? where id=?
User processed (Created/Updated): volunteer3@test.com | Role: Volunteer
Hibernate: select u1_0.id,case when u1_1.id is not null then 1 when u1_2.id is not null then 2 when u1_3.id is not null then 3 when u1_4.id is not null then 4 when u1_0.id is not null then 0 end,u1_0.city,u1_0.city_id,u1_0.created_at,u1_0.email,u1_0.full_name,u1_0.password_hash,u1_0.phone_number,u1_0.role,u1_0.status,u1_1.id_proof_path,u1_2.registration_document_path,u1_3.disability_certificate_path,u1_4.availability,u1_4.id_proof_path,u1_4.interests from users u1_0 left join donors u1_1 on u1_0.id=u1_1.id left join ngos u1_2 on u1_0.id=u1_2.id left join students u1_3 on u1_0.id=u1_3.id left join volunteers u1_4 on u1_0.id=u1_4.id where u1_0.email=?
Hibernate: select u1_0.id,case when u1_1.id is not null then 1 when u1_2.id is not null then 2 when u1_3.id is not null then 3 when u1_4.id is not null then 4 when u1_0.id is not null then 0 end,u1_0.city,u1_0.city_id,u1_0.created_at,u1_0.email,u1_0.full_name,u1_0.password_hash,u1_0.phone_number,u1_0.role,u1_0.status,u1_1.id_proof_path,u1_2.registration_document_path,u1_3.disability_certificate_path,u1_4.availability,u1_4.id_proof_path,u1_4.interests from users u1_0 left join donors u1_1 on u1_0.id=u1_1.id left join ngos u1_2 on u1_0.id=u1_2.id left join students u1_3 on u1_0.id=u1_3.id left join volunteers u1_4 on u1_0.id=u1_4.id where u1_0.id=?
Hibernate: update users set city=?,city_id=?,created_at=?,email=?,full_name=?,password_hash=?,phone_number=?,role=?,status=? where id=?
User processed (Created/Updated): student@test.com | Role: Student
2026-01-30T03:02:30.819+05:30  INFO 23736 --- [HelpBridge] [nio-8081-exec-3] o.a.c.c.C.[Tomcat].[localhost].[/]       : Initializing Spring DispatcherServlet 'dispatcherServlet'
2026-01-30T03:02:30.819+05:30  INFO 23736 --- [HelpBridge] [nio-8081-exec-3] o.s.web.servlet.DispatcherServlet        : Initializing Servlet 'dispatcherServlet'
2026-01-30T03:02:30.830+05:30  INFO 23736 --- [HelpBridge] [nio-8081-exec-3] o.s.web.servlet.DispatcherServlet        : Completed initialization in 10 ms
JWT Filter: Extracted username: sagarband00@gmail.com
JWT Filter: Extracted username: sagarband00@gmail.com
Hibernate: select sr1_0.id,sr1_0.city,sr1_0.created_at,sr1_0.description,sr1_0.feedback,sr1_0.funds_allocated,sr1_0.location,sr1_0.request_date,sr1_0.request_time,sr1_0.status,sr1_0.student_id,sr1_0.volunteer_id from service_requests sr1_0
Fetching users for role: Volunteer City: null
Hibernate: select u1_0.id,case when u1_1.id is not null then 1 when u1_2.id is not null then 2 when u1_3.id is not null then 3 when u1_4.id is not null then 4 when u1_0.id is not null then 0 end,u1_0.city,u1_0.city_id,u1_0.created_at,u1_0.email,u1_0.full_name,u1_0.password_hash,u1_0.phone_number,u1_0.role,u1_0.status,u1_1.id_proof_path,u1_2.registration_document_path,u1_3.disability_certificate_path,u1_4.availability,u1_4.id_proof_path,u1_4.interests from users u1_0 left join donors u1_1 on u1_0.id=u1_1.id left join ngos u1_2 on u1_0.id=u1_2.id left join students u1_3 on u1_0.id=u1_3.id left join volunteers u1_4 on u1_0.id=u1_4.id where u1_0.role=?
Found 7 users.
Hibernate: select s1_0.id,s1_1.city,s1_1.city_id,s1_1.created_at,s1_1.email,s1_1.full_name,s1_1.password_hash,s1_1.phone_number,s1_1.role,s1_1.status,s1_0.disability_certificate_path from students s1_0 join users s1_1 on s1_0.id=s1_1.id where s1_0.id=?
Hibernate: select v1_0.id,v1_1.city,v1_1.city_id,v1_1.created_at,v1_1.email,v1_1.full_name,v1_1.password_hash,v1_1.phone_number,v1_1.role,v1_1.status,v1_0.availability,v1_0.id_proof_path,v1_0.interests from volunteers v1_0 join users v1_1 on v1_0.id=v1_1.id where v1_0.id=?
Hibernate: select v1_0.id,v1_1.city,v1_1.city_id,v1_1.created_at,v1_1.email,v1_1.full_name,v1_1.password_hash,v1_1.phone_number,v1_1.role,v1_1.status,v1_0.availability,v1_0.id_proof_path,v1_0.interests from volunteers v1_0 join users v1_1 on v1_0.id=v1_1.id where v1_0.id=?
Hibernate: select v1_0.id,v1_1.city,v1_1.city_id,v1_1.created_at,v1_1.email,v1_1.full_name,v1_1.password_hash,v1_1.phone_number,v1_1.role,v1_1.status,v1_0.availability,v1_0.id_proof_path,v1_0.interests from volunteers v1_0 join users v1_1 on v1_0.id=v1_1.id where v1_0.id=?
Hibernate: select v1_0.id,v1_1.city,v1_1.city_id,v1_1.created_at,v1_1.email,v1_1.full_name,v1_1.password_hash,v1_1.phone_number,v1_1.role,v1_1.status,v1_0.availability,v1_0.id_proof_path,v1_0.interests from volunteers v1_0 join users v1_1 on v1_0.id=v1_1.id where v1_0.id=?
JWT Filter: Extracted username: sagarband00@gmail.com
JWT Filter: Extracted username: sagarband00@gmail.com
Fetching users for role: Volunteer City: null
Hibernate: select u1_0.id,case when u1_1.id is not null then 1 when u1_2.id is not null then 2 when u1_3.id is not null then 3 when u1_4.id is not null then 4 when u1_0.id is not null then 0 end,u1_0.city,u1_0.city_id,u1_0.created_at,u1_0.email,u1_0.full_name,u1_0.password_hash,u1_0.phone_number,u1_0.role,u1_0.status,u1_1.id_proof_path,u1_2.registration_document_path,u1_3.disability_certificate_path,u1_4.availability,u1_4.id_proof_path,u1_4.interests from users u1_0 left join donors u1_1 on u1_0.id=u1_1.id left join ngos u1_2 on u1_0.id=u1_2.id left join students u1_3 on u1_0.id=u1_3.id left join volunteers u1_4 on u1_0.id=u1_4.id where u1_0.role=?
Hibernate: select sr1_0.id,sr1_0.city,sr1_0.created_at,sr1_0.description,sr1_0.feedback,sr1_0.funds_allocated,sr1_0.location,sr1_0.request_date,sr1_0.request_time,sr1_0.status,sr1_0.student_id,sr1_0.volunteer_id from service_requests sr1_0
Hibernate: select s1_0.id,s1_1.city,s1_1.city_id,s1_1.created_at,s1_1.email,s1_1.full_name,s1_1.password_hash,s1_1.phone_number,s1_1.role,s1_1.status,s1_0.disability_certificate_path from students s1_0 join users s1_1 on s1_0.id=s1_1.id where s1_0.id=?
Hibernate: select v1_0.id,v1_1.city,v1_1.city_id,v1_1.created_at,v1_1.email,v1_1.full_name,v1_1.password_hash,v1_1.phone_number,v1_1.role,v1_1.status,v1_0.availability,v1_0.id_proof_path,v1_0.interests from volunteers v1_0 join users v1_1 on v1_0.id=v1_1.id where v1_0.id=?
Found 7 users.
Hibernate: select v1_0.id,v1_1.city,v1_1.city_id,v1_1.created_at,v1_1.email,v1_1.full_name,v1_1.password_hash,v1_1.phone_number,v1_1.role,v1_1.status,v1_0.availability,v1_0.id_proof_path,v1_0.interests from volunteers v1_0 join users v1_1 on v1_0.id=v1_1.id where v1_0.id=?
Hibernate: select v1_0.id,v1_1.city,v1_1.city_id,v1_1.created_at,v1_1.email,v1_1.full_name,v1_1.password_hash,v1_1.phone_number,v1_1.role,v1_1.status,v1_0.availability,v1_0.id_proof_path,v1_0.interests from volunteers v1_0 join users v1_1 on v1_0.id=v1_1.id where v1_0.id=?
Hibernate: select v1_0.id,v1_1.city,v1_1.city_id,v1_1.created_at,v1_1.email,v1_1.full_name,v1_1.password_hash,v1_1.phone_number,v1_1.role,v1_1.status,v1_0.availability,v1_0.id_proof_path,v1_0.interests from volunteers v1_0 join users v1_1 on v1_0.id=v1_1.id where v1_0.id=?
JWT Filter: Extracted username: sagarband00@gmail.com
JWT Filter: Extracted username: sagarband00@gmail.com
Hibernate: select sr1_0.id,sr1_0.city,sr1_0.created_at,sr1_0.description,sr1_0.feedback,sr1_0.funds_allocated,sr1_0.location,sr1_0.request_date,sr1_0.request_time,sr1_0.status,sr1_0.student_id,sr1_0.volunteer_id from service_requests sr1_0
Fetching users for role: Volunteer City: null
Hibernate: select s1_0.id,s1_1.city,s1_1.city_id,s1_1.created_at,s1_1.email,s1_1.full_name,s1_1.password_hash,s1_1.phone_number,s1_1.role,s1_1.status,s1_0.disability_certificate_path from students s1_0 join users s1_1 on s1_0.id=s1_1.id where s1_0.id=?
Hibernate: select u1_0.id,case when u1_1.id is not null then 1 when u1_2.id is not null then 2 when u1_3.id is not null then 3 when u1_4.id is not null then 4 when u1_0.id is not null then 0 end,u1_0.city,u1_0.city_id,u1_0.created_at,u1_0.email,u1_0.full_name,u1_0.password_hash,u1_0.phone_number,u1_0.role,u1_0.status,u1_1.id_proof_path,u1_2.registration_document_path,u1_3.disability_certificate_path,u1_4.availability,u1_4.id_proof_path,u1_4.interests from users u1_0 left join donors u1_1 on u1_0.id=u1_1.id left join ngos u1_2 on u1_0.id=u1_2.id left join students u1_3 on u1_0.id=u1_3.id left join volunteers u1_4 on u1_0.id=u1_4.id where u1_0.role=?
Hibernate: select v1_0.id,v1_1.city,v1_1.city_id,v1_1.created_at,v1_1.email,v1_1.full_name,v1_1.password_hash,v1_1.phone_number,v1_1.role,v1_1.status,v1_0.availability,v1_0.id_proof_path,v1_0.interests from volunteers v1_0 join users v1_1 on v1_0.id=v1_1.id where v1_0.id=?
Hibernate: select v1_0.id,v1_1.city,v1_1.city_id,v1_1.created_at,v1_1.email,v1_1.full_name,v1_1.password_hash,v1_1.phone_number,v1_1.role,v1_1.status,v1_0.availability,v1_0.id_proof_path,v1_0.interests from volunteers v1_0 join users v1_1 on v1_0.id=v1_1.id where v1_0.id=?
Hibernate: select v1_0.id,v1_1.city,v1_1.city_id,v1_1.created_at,v1_1.email,v1_1.full_name,v1_1.password_hash,v1_1.phone_number,v1_1.role,v1_1.status,v1_0.availability,v1_0.id_proof_path,v1_0.interests from volunteers v1_0 join users v1_1 on v1_0.id=v1_1.id where v1_0.id=?
Found 7 users.
Hibernate: select v1_0.id,v1_1.city,v1_1.city_id,v1_1.created_at,v1_1.email,v1_1.full_name,v1_1.password_hash,v1_1.phone_number,v1_1.role,v1_1.status,v1_0.availability,v1_0.id_proof_path,v1_0.interests from volunteers v1_0 join users v1_1 on v1_0.id=v1_1.id where v1_0.id=?
JWT Filter: Extracted username: sagarband00@gmail.com
Fetching users for role: Volunteer City: null
Hibernate: select u1_0.id,case when u1_1.id is not null then 1 when u1_2.id is not null then 2 when u1_3.id is not null then 3 when u1_4.id is not null then 4 when u1_0.id is not null then 0 end,u1_0.city,u1_0.city_id,u1_0.created_at,u1_0.email,u1_0.full_name,u1_0.password_hash,u1_0.phone_number,u1_0.role,u1_0.status,u1_1.id_proof_path,u1_2.registration_document_path,u1_3.disability_certificate_path,u1_4.availability,u1_4.id_proof_path,u1_4.interests from users u1_0 left join donors u1_1 on u1_0.id=u1_1.id left join ngos u1_2 on u1_0.id=u1_2.id left join students u1_3 on u1_0.id=u1_3.id left join volunteers u1_4 on u1_0.id=u1_4.id where u1_0.role=?
JWT Filter: Extracted username: sagarband00@gmail.com
Found 7 users.
Hibernate: select sr1_0.id,sr1_0.city,sr1_0.created_at,sr1_0.description,sr1_0.feedback,sr1_0.funds_allocated,sr1_0.location,sr1_0.request_date,sr1_0.request_time,sr1_0.status,sr1_0.student_id,sr1_0.volunteer_id from service_requests sr1_0
Hibernate: select s1_0.id,s1_1.city,s1_1.city_id,s1_1.created_at,s1_1.email,s1_1.full_name,s1_1.password_hash,s1_1.phone_number,s1_1.role,s1_1.status,s1_0.disability_certificate_path from students s1_0 join users s1_1 on s1_0.id=s1_1.id where s1_0.id=?
Hibernate: select v1_0.id,v1_1.city,v1_1.city_id,v1_1.created_at,v1_1.email,v1_1.full_name,v1_1.password_hash,v1_1.phone_number,v1_1.role,v1_1.status,v1_0.availability,v1_0.id_proof_path,v1_0.interests from volunteers v1_0 join users v1_1 on v1_0.id=v1_1.id where v1_0.id=?
Hibernate: select v1_0.id,v1_1.city,v1_1.city_id,v1_1.created_at,v1_1.email,v1_1.full_name,v1_1.password_hash,v1_1.phone_number,v1_1.role,v1_1.status,v1_0.availability,v1_0.id_proof_path,v1_0.interests from volunteers v1_0 join users v1_1 on v1_0.id=v1_1.id where v1_0.id=?
Hibernate: select v1_0.id,v1_1.city,v1_1.city_id,v1_1.created_at,v1_1.email,v1_1.full_name,v1_1.password_hash,v1_1.phone_number,v1_1.role,v1_1.status,v1_0.availability,v1_0.id_proof_path,v1_0.interests from volunteers v1_0 join users v1_1 on v1_0.id=v1_1.id where v1_0.id=?
Hibernate: select v1_0.id,v1_1.city,v1_1.city_id,v1_1.created_at,v1_1.email,v1_1.full_name,v1_1.password_hash,v1_1.phone_number,v1_1.role,v1_1.status,v1_0.availability,v1_0.id_proof_path,v1_0.interests from volunteers v1_0 join users v1_1 on v1_0.id=v1_1.id where v1_0.id=?
JWT Filter: Extracted username: sagarband00@gmail.com
JWT Filter: Extracted username: sagarband00@gmail.com
Fetching users for role: Volunteer City: null
Hibernate: select u1_0.id,case when u1_1.id is not null then 1 when u1_2.id is not null then 2 when u1_3.id is not null then 3 when u1_4.id is not null then 4 when u1_0.id is not null then 0 end,u1_0.city,u1_0.city_id,u1_0.created_at,u1_0.email,u1_0.full_name,u1_0.password_hash,u1_0.phone_number,u1_0.role,u1_0.status,u1_1.id_proof_path,u1_2.registration_document_path,u1_3.disability_certificate_path,u1_4.availability,u1_4.id_proof_path,u1_4.interests from users u1_0 left join donors u1_1 on u1_0.id=u1_1.id left join ngos u1_2 on u1_0.id=u1_2.id left join students u1_3 on u1_0.id=u1_3.id left join volunteers u1_4 on u1_0.id=u1_4.id where u1_0.role=?
Hibernate: select sr1_0.id,sr1_0.city,sr1_0.created_at,sr1_0.description,sr1_0.feedback,sr1_0.funds_allocated,sr1_0.location,sr1_0.request_date,sr1_0.request_time,sr1_0.status,sr1_0.student_id,sr1_0.volunteer_id from service_requests sr1_0
Hibernate: select s1_0.id,s1_1.city,s1_1.city_id,s1_1.created_at,s1_1.email,s1_1.full_name,s1_1.password_hash,s1_1.phone_number,s1_1.role,s1_1.status,s1_0.disability_certificate_path from students s1_0 join users s1_1 on s1_0.id=s1_1.id where s1_0.id=?
Hibernate: select v1_0.id,v1_1.city,v1_1.city_id,v1_1.created_at,v1_1.email,v1_1.full_name,v1_1.password_hash,v1_1.phone_number,v1_1.role,v1_1.status,v1_0.availability,v1_0.id_proof_path,v1_0.interests from volunteers v1_0 join users v1_1 on v1_0.id=v1_1.id where v1_0.id=?
Found 7 users.
Hibernate: select v1_0.id,v1_1.city,v1_1.city_id,v1_1.created_at,v1_1.email,v1_1.full_name,v1_1.password_hash,v1_1.phone_number,v1_1.role,v1_1.status,v1_0.availability,v1_0.id_proof_path,v1_0.interests from volunteers v1_0 join users v1_1 on v1_0.id=v1_1.id where v1_0.id=?
Hibernate: select v1_0.id,v1_1.city,v1_1.city_id,v1_1.created_at,v1_1.email,v1_1.full_name,v1_1.password_hash,v1_1.phone_number,v1_1.role,v1_1.status,v1_0.availability,v1_0.id_proof_path,v1_0.interests from volunteers v1_0 join users v1_1 on v1_0.id=v1_1.id where v1_0.id=?
Hibernate: select v1_0.id,v1_1.city,v1_1.city_id,v1_1.created_at,v1_1.email,v1_1.full_name,v1_1.password_hash,v1_1.phone_number,v1_1.role,v1_1.status,v1_0.availability,v1_0.id_proof_path,v1_0.interests from volunteers v1_0 join users v1_1 on v1_0.id=v1_1.id where v1_0.id=?
JWT Filter: Extracted username: sagarband00@gmail.com
Fetching users for role: Volunteer City: null
Hibernate: select u1_0.id,case when u1_1.id is not null then 1 when u1_2.id is not null then 2 when u1_3.id is not null then 3 when u1_4.id is not null then 4 when u1_0.id is not null then 0 end,u1_0.city,u1_0.city_id,u1_0.created_at,u1_0.email,u1_0.full_name,u1_0.password_hash,u1_0.phone_number,u1_0.role,u1_0.status,u1_1.id_proof_path,u1_2.registration_document_path,u1_3.disability_certificate_path,u1_4.availability,u1_4.id_proof_path,u1_4.interests from users u1_0 left join donors u1_1 on u1_0.id=u1_1.id left join ngos u1_2 on u1_0.id=u1_2.id left join students u1_3 on u1_0.id=u1_3.id left join volunteers u1_4 on u1_0.id=u1_4.id where u1_0.role=?
Found 7 users.
JWT Filter: Extracted username: sagarband00@gmail.com
Hibernate: select sr1_0.id,sr1_0.city,sr1_0.created_at,sr1_0.description,sr1_0.feedback,sr1_0.funds_allocated,sr1_0.location,sr1_0.request_date,sr1_0.request_time,sr1_0.status,sr1_0.student_id,sr1_0.volunteer_id from service_requests sr1_0
Hibernate: select s1_0.id,s1_1.city,s1_1.city_id,s1_1.created_at,s1_1.email,s1_1.full_name,s1_1.password_hash,s1_1.phone_number,s1_1.role,s1_1.status,s1_0.disability_certificate_path from students s1_0 join users s1_1 on s1_0.id=s1_1.id where s1_0.id=?
Hibernate: select v1_0.id,v1_1.city,v1_1.city_id,v1_1.created_at,v1_1.email,v1_1.full_name,v1_1.password_hash,v1_1.phone_number,v1_1.role,v1_1.status,v1_0.availability,v1_0.id_proof_path,v1_0.interests from volunteers v1_0 join users v1_1 on v1_0.id=v1_1.id where v1_0.id=?
Hibernate: select v1_0.id,v1_1.city,v1_1.city_id,v1_1.created_at,v1_1.email,v1_1.full_name,v1_1.password_hash,v1_1.phone_number,v1_1.role,v1_1.status,v1_0.availability,v1_0.id_proof_path,v1_0.interests from volunteers v1_0 join users v1_1 on v1_0.id=v1_1.id where v1_0.id=?
Hibernate: select v1_0.id,v1_1.city,v1_1.city_id,v1_1.created_at,v1_1.email,v1_1.full_name,v1_1.password_hash,v1_1.phone_number,v1_1.role,v1_1.status,v1_0.availability,v1_0.id_proof_path,v1_0.interests from volunteers v1_0 join users v1_1 on v1_0.id=v1_1.id where v1_0.id=?
Hibernate: select v1_0.id,v1_1.city,v1_1.city_id,v1_1.created_at,v1_1.email,v1_1.full_name,v1_1.password_hash,v1_1.phone_number,v1_1.role,v1_1.status,v1_0.availability,v1_0.id_proof_path,v1_0.interests from volunteers v1_0 join users v1_1 on v1_0.id=v1_1.id where v1_0.id=?
JWT Filter: Extracted username: sagarband00@gmail.com
Hibernate: select sr1_0.id,sr1_0.city,sr1_0.created_at,sr1_0.description,sr1_0.feedback,sr1_0.funds_allocated,sr1_0.location,sr1_0.request_date,sr1_0.request_time,sr1_0.status,sr1_0.student_id,sr1_0.volunteer_id from service_requests sr1_0
Hibernate: select s1_0.id,s1_1.city,s1_1.city_id,s1_1.created_at,s1_1.email,s1_1.full_name,s1_1.password_hash,s1_1.phone_number,s1_1.role,s1_1.status,s1_0.disability_certificate_path from students s1_0 join users s1_1 on s1_0.id=s1_1.id where s1_0.id=?
Hibernate: select v1_0.id,v1_1.city,v1_1.city_id,v1_1.created_at,v1_1.email,v1_1.full_name,v1_1.password_hash,v1_1.phone_number,v1_1.role,v1_1.status,v1_0.availability,v1_0.id_proof_path,v1_0.interests from volunteers v1_0 join users v1_1 on v1_0.id=v1_1.id where v1_0.id=?
Hibernate: select v1_0.id,v1_1.city,v1_1.city_id,v1_1.created_at,v1_1.email,v1_1.full_name,v1_1.password_hash,v1_1.phone_number,v1_1.role,v1_1.status,v1_0.availability,v1_0.id_proof_path,v1_0.interests from volunteers v1_0 join users v1_1 on v1_0.id=v1_1.id where v1_0.id=?
Hibernate: select v1_0.id,v1_1.city,v1_1.city_id,v1_1.created_at,v1_1.email,v1_1.full_name,v1_1.password_hash,v1_1.phone_number,v1_1.role,v1_1.status,v1_0.availability,v1_0.id_proof_path,v1_0.interests from volunteers v1_0 join users v1_1 on v1_0.id=v1_1.id where v1_0.id=?
Hibernate: select v1_0.id,v1_1.city,v1_1.city_id,v1_1.created_at,v1_1.email,v1_1.full_name,v1_1.password_hash,v1_1.phone_number,v1_1.role,v1_1.status,v1_0.availability,v1_0.id_proof_path,v1_0.interests from volunteers v1_0 join users v1_1 on v1_0.id=v1_1.id where v1_0.id=?
JWT Filter: Extracted username: sagarband00@gmail.com
Hibernate: select hp1_0.id,hp1_0.category,hp1_0.city,hp1_0.collected_amount,hp1_0.created_at,hp1_0.description,hp1_0.ngo_id,hp1_0.status,hp1_0.target_amount,hp1_0.title from help_posts hp1_0 left join ngos n1_0 on n1_0.id=hp1_0.ngo_id where n1_0.id=?
Hibernate: select n1_0.id,n1_1.city,n1_1.city_id,n1_1.created_at,n1_1.email,n1_1.full_name,n1_1.password_hash,n1_1.phone_number,n1_1.role,n1_1.status,n1_0.registration_document_path from ngos n1_0 join users n1_1 on n1_0.id=n1_1.id where n1_0.id=?
JWT Filter: Extracted username: sagarband00@gmail.com
Fetching users for role: Volunteer City: null
Hibernate: select u1_0.id,case when u1_1.id is not null then 1 when u1_2.id is not null then 2 when u1_3.id is not null then 3 when u1_4.id is not null then 4 when u1_0.id is not null then 0 end,u1_0.city,u1_0.city_id,u1_0.created_at,u1_0.email,u1_0.full_name,u1_0.password_hash,u1_0.phone_number,u1_0.role,u1_0.status,u1_1.id_proof_path,u1_2.registration_document_path,u1_3.disability_certificate_path,u1_4.availability,u1_4.id_proof_path,u1_4.interests from users u1_0 left join donors u1_1 on u1_0.id=u1_1.id left join ngos u1_2 on u1_0.id=u1_2.id left join students u1_3 on u1_0.id=u1_3.id left join volunteers u1_4 on u1_0.id=u1_4.id where u1_0.role=?
Found 7 users.
JWT Filter: Extracted username: sagarband00@gmail.com
Hibernate: select sr1_0.id,sr1_0.city,sr1_0.created_at,sr1_0.description,sr1_0.feedback,sr1_0.funds_allocated,sr1_0.location,sr1_0.request_date,sr1_0.request_time,sr1_0.status,sr1_0.student_id,sr1_0.volunteer_id from service_requests sr1_0
Hibernate: select s1_0.id,s1_1.city,s1_1.city_id,s1_1.created_at,s1_1.email,s1_1.full_name,s1_1.password_hash,s1_1.phone_number,s1_1.role,s1_1.status,s1_0.disability_certificate_path from students s1_0 join users s1_1 on s1_0.id=s1_1.id where s1_0.id=?
Hibernate: select v1_0.id,v1_1.city,v1_1.city_id,v1_1.created_at,v1_1.email,v1_1.full_name,v1_1.password_hash,v1_1.phone_number,v1_1.role,v1_1.status,v1_0.availability,v1_0.id_proof_path,v1_0.interests from volunteers v1_0 join users v1_1 on v1_0.id=v1_1.id where v1_0.id=?
Hibernate: select v1_0.id,v1_1.city,v1_1.city_id,v1_1.created_at,v1_1.email,v1_1.full_name,v1_1.password_hash,v1_1.phone_number,v1_1.role,v1_1.status,v1_0.availability,v1_0.id_proof_path,v1_0.interests from volunteers v1_0 join users v1_1 on v1_0.id=v1_1.id where v1_0.id=?
Hibernate: select v1_0.id,v1_1.city,v1_1.city_id,v1_1.created_at,v1_1.email,v1_1.full_name,v1_1.password_hash,v1_1.phone_number,v1_1.role,v1_1.status,v1_0.availability,v1_0.id_proof_path,v1_0.interests from volunteers v1_0 join users v1_1 on v1_0.id=v1_1.id where v1_0.id=?
Hibernate: select v1_0.id,v1_1.city,v1_1.city_id,v1_1.created_at,v1_1.email,v1_1.full_name,v1_1.password_hash,v1_1.phone_number,v1_1.role,v1_1.status,v1_0.availability,v1_0.id_proof_path,v1_0.interests from volunteers v1_0 join users v1_1 on v1_0.id=v1_1.id where v1_0.id=?
JWT Filter: Extracted username: sagarband00@gmail.com
Hibernate: select sr1_0.id,sr1_0.city,sr1_0.created_at,sr1_0.description,sr1_0.feedback,sr1_0.funds_allocated,sr1_0.location,sr1_0.request_date,sr1_0.request_time,sr1_0.status,sr1_0.student_id,sr1_0.volunteer_id from service_requests sr1_0
Hibernate: select s1_0.id,s1_1.city,s1_1.city_id,s1_1.created_at,s1_1.email,s1_1.full_name,s1_1.password_hash,s1_1.phone_number,s1_1.role,s1_1.status,s1_0.disability_certificate_path from students s1_0 join users s1_1 on s1_0.id=s1_1.id where s1_0.id=?
Hibernate: select v1_0.id,v1_1.city,v1_1.city_id,v1_1.created_at,v1_1.email,v1_1.full_name,v1_1.password_hash,v1_1.phone_number,v1_1.role,v1_1.status,v1_0.availability,v1_0.id_proof_path,v1_0.interests from volunteers v1_0 join users v1_1 on v1_0.id=v1_1.id where v1_0.id=?
Hibernate: select v1_0.id,v1_1.city,v1_1.city_id,v1_1.created_at,v1_1.email,v1_1.full_name,v1_1.password_hash,v1_1.phone_number,v1_1.role,v1_1.status,v1_0.availability,v1_0.id_proof_path,v1_0.interests from volunteers v1_0 join users v1_1 on v1_0.id=v1_1.id where v1_0.id=?
Hibernate: select v1_0.id,v1_1.city,v1_1.city_id,v1_1.created_at,v1_1.email,v1_1.full_name,v1_1.password_hash,v1_1.phone_number,v1_1.role,v1_1.status,v1_0.availability,v1_0.id_proof_path,v1_0.interests from volunteers v1_0 join users v1_1 on v1_0.id=v1_1.id where v1_0.id=?
Hibernate: select v1_0.id,v1_1.city,v1_1.city_id,v1_1.created_at,v1_1.email,v1_1.full_name,v1_1.password_hash,v1_1.phone_number,v1_1.role,v1_1.status,v1_0.availability,v1_0.id_proof_path,v1_0.interests from volunteers v1_0 join users v1_1 on v1_0.id=v1_1.id where v1_0.id=?
JWT Filter: Extracted username: sagarband00@gmail.com
Hibernate: select count(*) from service_requests sr1_0 where sr1_0.id=?
Hibernate: select sr1_0.id,sr1_0.city,sr1_0.created_at,sr1_0.description,sr1_0.feedback,sr1_0.funds_allocated,sr1_0.location,sr1_0.request_date,sr1_0.request_time,sr1_0.status,sr1_0.student_id,s1_0.id,s1_1.city,s1_1.city_id,s1_1.created_at,s1_1.email,s1_1.full_name,s1_1.password_hash,s1_1.phone_number,s1_1.role,s1_1.status,s1_0.disability_certificate_path,v1_0.id,v1_1.city,v1_1.city_id,v1_1.created_at,v1_1.email,v1_1.full_name,v1_1.password_hash,v1_1.phone_number,v1_1.role,v1_1.status,v1_0.availability,v1_0.id_proof_path,v1_0.interests from service_requests sr1_0 join students s1_0 on s1_0.id=sr1_0.student_id join users s1_1 on s1_0.id=s1_1.id left join volunteers v1_0 on v1_0.id=sr1_0.volunteer_id left join users v1_1 on v1_0.id=v1_1.id where sr1_0.id=?
Hibernate: delete from service_requests where id=?
JWT Filter: Extracted username: sagarband00@gmail.com
JWT Filter: Extracted username: sagarband00@gmail.com
Fetching users for role: Volunteer City: null
Hibernate: select u1_0.id,case when u1_1.id is not null then 1 when u1_2.id is not null then 2 when u1_3.id is not null then 3 when u1_4.id is not null then 4 when u1_0.id is not null then 0 end,u1_0.city,u1_0.city_id,u1_0.created_at,u1_0.email,u1_0.full_name,u1_0.password_hash,u1_0.phone_number,u1_0.role,u1_0.status,u1_1.id_proof_path,u1_2.registration_document_path,u1_3.disability_certificate_path,u1_4.availability,u1_4.id_proof_path,u1_4.interests from users u1_0 left join donors u1_1 on u1_0.id=u1_1.id left join ngos u1_2 on u1_0.id=u1_2.id left join students u1_3 on u1_0.id=u1_3.id left join volunteers u1_4 on u1_0.id=u1_4.id where u1_0.role=?
Hibernate: select sr1_0.id,sr1_0.city,sr1_0.created_at,sr1_0.description,sr1_0.feedback,sr1_0.funds_allocated,sr1_0.location,sr1_0.request_date,sr1_0.request_time,sr1_0.status,sr1_0.student_id,sr1_0.volunteer_id from service_requests sr1_0
Hibernate: select s1_0.id,s1_1.city,s1_1.city_id,s1_1.created_at,s1_1.email,s1_1.full_name,s1_1.password_hash,s1_1.phone_number,s1_1.role,s1_1.status,s1_0.disability_certificate_path from students s1_0 join users s1_1 on s1_0.id=s1_1.id where s1_0.id=?
Found 7 users.
Hibernate: select v1_0.id,v1_1.city,v1_1.city_id,v1_1.created_at,v1_1.email,v1_1.full_name,v1_1.password_hash,v1_1.phone_number,v1_1.role,v1_1.status,v1_0.availability,v1_0.id_proof_path,v1_0.interests from volunteers v1_0 join users v1_1 on v1_0.id=v1_1.id where v1_0.id=?
Hibernate: select v1_0.id,v1_1.city,v1_1.city_id,v1_1.created_at,v1_1.email,v1_1.full_name,v1_1.password_hash,v1_1.phone_number,v1_1.role,v1_1.status,v1_0.availability,v1_0.id_proof_path,v1_0.interests from volunteers v1_0 join users v1_1 on v1_0.id=v1_1.id where v1_0.id=?
Hibernate: select v1_0.id,v1_1.city,v1_1.city_id,v1_1.created_at,v1_1.email,v1_1.full_name,v1_1.password_hash,v1_1.phone_number,v1_1.role,v1_1.status,v1_0.availability,v1_0.id_proof_path,v1_0.interests from volunteers v1_0 join users v1_1 on v1_0.id=v1_1.id where v1_0.id=?
JWT Filter: Extracted username: sagarband00@gmail.com
Hibernate: select sr1_0.id,sr1_0.city,sr1_0.created_at,sr1_0.description,sr1_0.feedback,sr1_0.funds_allocated,sr1_0.location,sr1_0.request_date,sr1_0.request_time,sr1_0.status,sr1_0.student_id,sr1_0.volunteer_id from service_requests sr1_0
Hibernate: select s1_0.id,s1_1.city,s1_1.city_id,s1_1.created_at,s1_1.email,s1_1.full_name,s1_1.password_hash,s1_1.phone_number,s1_1.role,s1_1.status,s1_0.disability_certificate_path from students s1_0 join users s1_1 on s1_0.id=s1_1.id where s1_0.id=?
Hibernate: select v1_0.id,v1_1.city,v1_1.city_id,v1_1.created_at,v1_1.email,v1_1.full_name,v1_1.password_hash,v1_1.phone_number,v1_1.role,v1_1.status,v1_0.availability,v1_0.id_proof_path,v1_0.interests from volunteers v1_0 join users v1_1 on v1_0.id=v1_1.id where v1_0.id=?
Hibernate: select v1_0.id,v1_1.city,v1_1.city_id,v1_1.created_at,v1_1.email,v1_1.full_name,v1_1.password_hash,v1_1.phone_number,v1_1.role,v1_1.status,v1_0.availability,v1_0.id_proof_path,v1_0.interests from volunteers v1_0 join users v1_1 on v1_0.id=v1_1.id where v1_0.id=?
Hibernate: select v1_0.id,v1_1.city,v1_1.city_id,v1_1.created_at,v1_1.email,v1_1.full_name,v1_1.password_hash,v1_1.phone_number,v1_1.role,v1_1.status,v1_0.availability,v1_0.id_proof_path,v1_0.interests from volunteers v1_0 join users v1_1 on v1_0.id=v1_1.id where v1_0.id=?
JWT Filter: Extracted username: sagarband00@gmail.com
Fetching users for role: Volunteer City: null
Hibernate: select u1_0.id,case when u1_1.id is not null then 1 when u1_2.id is not null then 2 when u1_3.id is not null then 3 when u1_4.id is not null then 4 when u1_0.id is not null then 0 end,u1_0.city,u1_0.city_id,u1_0.created_at,u1_0.email,u1_0.full_name,u1_0.password_hash,u1_0.phone_number,u1_0.role,u1_0.status,u1_1.id_proof_path,u1_2.registration_document_path,u1_3.disability_certificate_path,u1_4.availability,u1_4.id_proof_path,u1_4.interests from users u1_0 left join donors u1_1 on u1_0.id=u1_1.id left join ngos u1_2 on u1_0.id=u1_2.id left join students u1_3 on u1_0.id=u1_3.id left join volunteers u1_4 on u1_0.id=u1_4.id where u1_0.role=?
Found 7 users.
JWT Filter: Extracted username: sagarband00@gmail.com
Hibernate: select hp1_0.id,hp1_0.category,hp1_0.city,hp1_0.collected_amount,hp1_0.created_at,hp1_0.description,hp1_0.ngo_id,hp1_0.status,hp1_0.target_amount,hp1_0.title from help_posts hp1_0 left join ngos n1_0 on n1_0.id=hp1_0.ngo_id where n1_0.id=?
Hibernate: select n1_0.id,n1_1.city,n1_1.city_id,n1_1.created_at,n1_1.email,n1_1.full_name,n1_1.password_hash,n1_1.phone_number,n1_1.role,n1_1.status,n1_0.registration_document_path from ngos n1_0 join users n1_1 on n1_0.id=n1_1.id where n1_0.id=?
